13:47:02.833  306  DEBUG fr.sparna.rdf.xls2rdf.app.Convert - Will use output format : text/turtle
13:47:02.837  310  DEBUG fr.sparna.rdf.xls2rdf.app.Convert - Will use ModelWriter : fr.sparna.rdf.xls2rdf.OutputStreamModelWriter
13:47:03.370  843  DEBUG f.s.rdf.xls2rdf.Xls2RdfConverter - Processing sheet: Sheet1
13:47:03.374  847  INFO  f.sparna.rdf.xls2rdf.RdfizableSheet - Found proper property in header : http://purl.org/pact_funders/
13:47:03.376  849  INFO  f.sparna.rdf.xls2rdf.RdfizableSheet - Found proper property in header : http://www.w3.org/2004/02/skos/core#
13:47:03.377  850  INFO  f.sparna.rdf.xls2rdf.RdfizableSheet - Found proper property in header : http://purl.org/pav/
13:47:03.378  851  INFO  f.sparna.rdf.xls2rdf.RdfizableSheet - Found proper property in header : http://purl.org/dc/terms/
13:47:03.379  852  INFO  f.sparna.rdf.xls2rdf.RdfizableSheet - Found proper property in header : https://w3id.org/iadopt/ont/
13:47:03.380  853  INFO  f.sparna.rdf.xls2rdf.RdfizableSheet - Found proper property in header : https://w3id.org/env/puv#
13:47:03.381  854  INFO  f.sparna.rdf.xls2rdf.RdfizableSheet - Found proper property in header : http://www.w3.org/ns/sosa/
13:47:03.382  855  INFO  f.sparna.rdf.xls2rdf.RdfizableSheet - Found proper property in header : http://www.w3.org/2001/XMLSchema#
13:47:03.383  856  INFO  f.sparna.rdf.xls2rdf.RdfizableSheet - Found proper property in header : http://qudt.org/schema/qudt/
13:47:03.384  857  INFO  f.sparna.rdf.xls2rdf.RdfizableSheet - Found proper property in header : http://qudt.org/vocab/unit/
13:47:03.387  860  INFO  f.sparna.rdf.xls2rdf.RdfizableSheet - Found proper property in header : https://spdx.org/licenses/CC0-1.0
13:47:03.390  863  INFO  f.sparna.rdf.xls2rdf.RdfizableSheet - Found proper property in header : http://www.w3.org/2004/02/skos/core#prefLabel
13:47:03.390  863  INFO  f.sparna.rdf.xls2rdf.RdfizableSheet - Found proper property in header : http://www.w3.org/2004/02/skos/core#altLabel
13:47:03.391  864  INFO  f.sparna.rdf.xls2rdf.RdfizableSheet - Found proper property in header : http://www.w3.org/2004/02/skos/core#broader
13:47:03.392  865  INFO  f.sparna.rdf.xls2rdf.RdfizableSheet - Found proper property in header : http://www.w3.org/2004/02/skos/core#definition
13:47:03.392  865  INFO  f.sparna.rdf.xls2rdf.RdfizableSheet - Found proper property in header : http://purl.org/dc/terms/source
13:47:03.393  866  INFO  f.sparna.rdf.xls2rdf.RdfizableSheet - Found proper property in header : http://www.w3.org/2004/02/skos/core#exactMatch
13:47:03.393  866  INFO  f.sparna.rdf.xls2rdf.RdfizableSheet - Found proper property in header : http://www.w3.org/2004/02/skos/core#closeMatch
13:47:03.394  867  INFO  f.sparna.rdf.xls2rdf.RdfizableSheet - Found proper property in header : http://www.w3.org/2004/02/skos/core#broadMatch
13:47:03.394  867  INFO  f.sparna.rdf.xls2rdf.RdfizableSheet - Found proper property in header : https://w3id.org/iadopt/ont/hasProperty
13:47:03.394  867  INFO  f.sparna.rdf.xls2rdf.RdfizableSheet - Found at least 2 headers with proper property declaration in the first 10 columns, title row is at index 19
13:47:03.396  869  DEBUG f.s.rdf.xls2rdf.Xls2RdfConverter - Found title row at index 19
13:47:03.398  871  DEBUG f.s.rdf.xls2rdf.Xls2RdfConverter - Adding value on header object "Vocabulary title" with lang en
13:47:03.400  873  DEBUG f.s.rdf.xls2rdf.Xls2RdfConverter - Adding value on header object "Vocabulary description" with lang en
13:47:03.401  874  DEBUG f.s.rdf.xls2rdf.Xls2RdfConverter - Adding value on header object "URL to the community developing vocab" with lang en
13:47:03.402  875  DEBUG f.s.rdf.xls2rdf.Xls2RdfConverter - Adding value on header object "https://spdx.org/licenses/CC0-1.0" with lang en
13:47:03.402  875  DEBUG f.s.rdf.xls2rdf.Xls2RdfConverter - Adding value on header object "0.1.0" with lang en
13:47:03.403  876  DEBUG f.s.rdf.xls2rdf.Xls2RdfConverter - Adding value on header object "2022-06-01T00:00:00+00:00" with lang en
13:47:03.404  877  DEBUG f.s.rdf.xls2rdf.Xls2RdfConverter - Adding value on header object "2023-08-17T13:29:40+00:00" with lang en
13:47:03.404  877  DEBUG f.s.rdf.xls2rdf.Xls2RdfConverter - Converting data with these column headers: 
13:47:03.405  878  DEBUG f.s.rdf.xls2rdf.Xls2RdfConverter - ColumnHeader [originalValue=Identifier, language=Optional.empty, datatype=Optional.empty, property=null, declaredProperty=Identifier, inverse=false, parameters={}, id=null, reconcileOn=null, headerCell=Identifier]
13:47:03.407  880  DEBUG f.s.rdf.xls2rdf.Xls2RdfConverter - ColumnHeader [originalValue=skos:prefLabel@en(id="label"), language=Optional[en], datatype=Optional.empty, property=http://www.w3.org/2004/02/skos/core#prefLabel, declaredProperty=skos:prefLabel, inverse=false, parameters={id=label}, id=label, reconcileOn=null, headerCell=skos:prefLabel@en(id="label")]
13:47:03.408  881  DEBUG f.s.rdf.xls2rdf.Xls2RdfConverter - ColumnHeader [originalValue=skos:altLabel(separator=","), language=Optional.empty, datatype=Optional.empty, property=http://www.w3.org/2004/02/skos/core#altLabel, declaredProperty=skos:altLabel, inverse=false, parameters={separator=,}, id=null, reconcileOn=null, headerCell=skos:altLabel(separator=",")]
13:47:03.408  881  DEBUG f.s.rdf.xls2rdf.Xls2RdfConverter - ColumnHeader [originalValue=skos:broader(separator=","), language=Optional.empty, datatype=Optional.empty, property=http://www.w3.org/2004/02/skos/core#broader, declaredProperty=skos:broader, inverse=false, parameters={separator=,}, id=null, reconcileOn=null, headerCell=skos:broader(separator=",")]
13:47:03.409  882  DEBUG f.s.rdf.xls2rdf.Xls2RdfConverter - ColumnHeader [originalValue=skos:definition@en, language=Optional[en], datatype=Optional.empty, property=http://www.w3.org/2004/02/skos/core#definition, declaredProperty=skos:definition, inverse=false, parameters={}, id=null, reconcileOn=null, headerCell=skos:definition@en]
13:47:03.409  882  DEBUG f.s.rdf.xls2rdf.Xls2RdfConverter - ColumnHeader [originalValue=dct:source(separator=","), language=Optional.empty, datatype=Optional.empty, property=http://purl.org/dc/terms/source, declaredProperty=dct:source, inverse=false, parameters={separator=,}, id=null, reconcileOn=null, headerCell=dct:source(separator=",")]
13:47:03.410  883  DEBUG f.s.rdf.xls2rdf.Xls2RdfConverter - ColumnHeader [originalValue=skos:exactMatch(separator=","), language=Optional.empty, datatype=Optional.empty, property=http://www.w3.org/2004/02/skos/core#exactMatch, declaredProperty=skos:exactMatch, inverse=false, parameters={separator=,}, id=null, reconcileOn=null, headerCell=skos:exactMatch(separator=",")]
13:47:03.410  883  DEBUG f.s.rdf.xls2rdf.Xls2RdfConverter - ColumnHeader [originalValue=skos:closeMatch(separator=","), language=Optional.empty, datatype=Optional.empty, property=http://www.w3.org/2004/02/skos/core#closeMatch, declaredProperty=skos:closeMatch, inverse=false, parameters={separator=,}, id=null, reconcileOn=null, headerCell=skos:closeMatch(separator=",")]
13:47:03.411  884  DEBUG f.s.rdf.xls2rdf.Xls2RdfConverter - ColumnHeader [originalValue=skos:broadMatch(separator=","), language=Optional.empty, datatype=Optional.empty, property=http://www.w3.org/2004/02/skos/core#broadMatch, declaredProperty=skos:broadMatch, inverse=false, parameters={separator=,}, id=null, reconcileOn=null, headerCell=skos:broadMatch(separator=",")]
13:47:03.411  884  DEBUG f.s.rdf.xls2rdf.Xls2RdfConverter - ColumnHeader [originalValue=iop:hasProperty, language=Optional.empty, datatype=Optional.empty, property=https://w3id.org/iadopt/ont/hasProperty, declaredProperty=iop:hasProperty, inverse=false, parameters={}, id=null, reconcileOn=null, headerCell=iop:hasProperty]
13:47:03.412  885  DEBUG f.s.rdf.xls2rdf.Xls2RdfConverter - ColumnHeader [originalValue=iop:hasObjectOfInterest, language=Optional.empty, datatype=Optional.empty, property=https://w3id.org/iadopt/ont/hasObjectOfInterest, declaredProperty=iop:hasObjectOfInterest, inverse=false, parameters={}, id=null, reconcileOn=null, headerCell=iop:hasObjectOfInterest]
13:47:03.412  885  DEBUG f.s.rdf.xls2rdf.Xls2RdfConverter - ColumnHeader [originalValue=iop:hasMatrix, language=Optional.empty, datatype=Optional.empty, property=https://w3id.org/iadopt/ont/hasMatrix, declaredProperty=iop:hasMatrix, inverse=false, parameters={}, id=null, reconcileOn=null, headerCell=iop:hasMatrix]
13:47:03.413  886  DEBUG f.s.rdf.xls2rdf.Xls2RdfConverter - ColumnHeader [originalValue=iop:hasContextObject(separator=","), language=Optional.empty, datatype=Optional.empty, property=https://w3id.org/iadopt/ont/hasContextObject, declaredProperty=iop:hasContextObject, inverse=false, parameters={separator=,}, id=null, reconcileOn=null, headerCell=iop:hasContextObject(separator=",")]
13:47:03.413  886  DEBUG f.s.rdf.xls2rdf.Xls2RdfConverter - ColumnHeader [originalValue=iop:hasConstraint(separator=","), language=Optional.empty, datatype=Optional.empty, property=https://w3id.org/iadopt/ont/hasConstraint, declaredProperty=iop:hasConstraint, inverse=false, parameters={separator=,}, id=null, reconcileOn=null, headerCell=iop:hasConstraint(separator=",")]
13:47:03.414  887  DEBUG f.s.rdf.xls2rdf.Xls2RdfConverter - ColumnHeader [originalValue=puv:statistic(separator=","), language=Optional.empty, datatype=Optional.empty, property=https://w3id.org/env/puv#statistic, declaredProperty=puv:statistic, inverse=false, parameters={separator=,}, id=null, reconcileOn=null, headerCell=puv:statistic(separator=",")]
13:47:03.414  887  DEBUG f.s.rdf.xls2rdf.Xls2RdfConverter - ColumnHeader [originalValue=puv:usesMethod(separator=","), language=Optional.empty, datatype=Optional.empty, property=https://w3id.org/env/puv#usesMethod, declaredProperty=puv:usesMethod, inverse=false, parameters={separator=,}, id=null, reconcileOn=null, headerCell=puv:usesMethod(separator=",")]
13:47:03.415  888  DEBUG f.s.rdf.xls2rdf.Xls2RdfConverter - ColumnHeader [originalValue=sosa:madeBySensor(separator=","), language=Optional.empty, datatype=Optional.empty, property=http://www.w3.org/ns/sosa/madeBySensor, declaredProperty=sosa:madeBySensor, inverse=false, parameters={separator=,}, id=null, reconcileOn=null, headerCell=sosa:madeBySensor(separator=",")]
13:47:03.415  888  DEBUG f.s.rdf.xls2rdf.Xls2RdfConverter - ColumnHeader [originalValue=puv:uom(separator=","), language=Optional.empty, datatype=Optional.empty, property=https://w3id.org/env/puv#uom, declaredProperty=puv:uom, inverse=false, parameters={separator=,}, id=null, reconcileOn=null, headerCell=puv:uom(separator=",")]
13:47:03.416  889  DEBUG f.s.rdf.xls2rdf.Xls2RdfConverter - ColumnHeader [originalValue=owl:deprecated^^xsd:boolean, language=Optional.empty, datatype=Optional[http://www.w3.org/2001/XMLSchema#boolean], property=http://www.w3.org/2002/07/owl#deprecated, declaredProperty=owl:deprecated, inverse=false, parameters={}, id=null, reconcileOn=null, headerCell=owl:deprecated^^xsd:boolean]
13:47:03.416  889  DEBUG f.s.rdf.xls2rdf.Xls2RdfConverter - ColumnHeader [originalValue=skos:editorialNote@en, language=Optional[en], datatype=Optional.empty, property=http://www.w3.org/2004/02/skos/core#editorialNote, declaredProperty=skos:editorialNote, inverse=false, parameters={}, id=null, reconcileOn=null, headerCell=skos:editorialNote@en]
13:47:03.417  890  DEBUG f.s.rdf.xls2rdf.Xls2RdfConverter - ColumnHeader [originalValue=dct:modified^^xsd:date, language=Optional.empty, datatype=Optional[http://www.w3.org/2001/XMLSchema#date], property=http://purl.org/dc/terms/modified, declaredProperty=dct:modified, inverse=false, parameters={}, id=null, reconcileOn=null, headerCell=dct:modified^^xsd:date]
13:47:03.417  890  DEBUG f.s.rdf.xls2rdf.Xls2RdfConverter - ColumnHeader [originalValue=dct:created^^xsd:date, language=Optional.empty, datatype=Optional[http://www.w3.org/2001/XMLSchema#date], property=http://purl.org/dc/terms/created, declaredProperty=dct:created, inverse=false, parameters={}, id=null, reconcileOn=null, headerCell=dct:created^^xsd:date]
13:47:03.418  891  DEBUG f.s.rdf.xls2rdf.Xls2RdfConverter - ColumnHeader [originalValue=dct:creator(separator=","), language=Optional.empty, datatype=Optional.empty, property=http://purl.org/dc/terms/creator, declaredProperty=dct:creator, inverse=false, parameters={separator=,}, id=null, reconcileOn=null, headerCell=dct:creator(separator=",")]
13:47:03.418  891  DEBUG f.s.rdf.xls2rdf.Xls2RdfConverter - ColumnHeader [originalValue=dct:contributor(separator=","), language=Optional.empty, datatype=Optional.empty, property=http://purl.org/dc/terms/contributor, declaredProperty=dct:contributor, inverse=false, parameters={separator=,}, id=null, reconcileOn=null, headerCell=dct:contributor(separator=",")]
13:47:03.419  892  INFO  f.s.rdf.xls2rdf.Xls2RdfConverter - Converting rows...
13:47:03.436  909  INFO  f.s.rdf.xls2rdf.Xls2RdfConverter - Applying SKOS post-processings on the result
13:47:03.436  909  DEBUG f.s.rdf.xls2rdf.SkosPostProcessor - Postprocessing : SkosPostProcessor
13:47:03.438  911  DEBUG f.s.rdf.xls2rdf.SkosPostProcessor - Considering main resource like a ConceptScheme.
13:47:03.440  913  DEBUG f.s.rdf.xls2rdf.SkosPostProcessor - Adding inverse skos:broader and skos:narrower
13:47:03.442  915  DEBUG f.s.rdf.xls2rdf.SkosPostProcessor - Adding skos:inScheme
13:47:03.444  917  DEBUG f.s.rdf.xls2rdf.SkosPostProcessor - Setting rdf:type skos:ConceptScheme to main resource
13:47:03.444  917  DEBUG f.s.rdf.xls2rdf.SkosPostProcessor - Adding skos:hasTopConcept / skos:topConceptOf
13:47:03.446  919  DEBUG f.s.rdf.xls2rdf.Xls2RdfConverter - Saving graph of 84 statements generated from Sheet Sheet1
